  Entity.cpp
c:\workspace\h_cl-ment_gp2\mt_case\app\fadingparticle.h(18): warning C4244: 'argument' : conversion de 'double' en 'T', perte possible de données
          with
          [
              T=float
          ]
c:\workspace\h_cl-ment_gp2\mt_case\app\entity.cpp(35): warning C4244: '=' : conversion de 'double' en 'float', perte possible de données
c:\workspace\h_cl-ment_gp2\mt_case\app\entity.cpp(36): warning C4305: '=' : troncation de 'double' à 'float'
c:\workspace\h_cl-ment_gp2\mt_case\app\entity.cpp(47): warning C4244: '=' : conversion de 'double' en 'float', perte possible de données
c:\workspace\h_cl-ment_gp2\mt_case\app\entity.cpp(48): warning C4305: '=' : troncation de 'double' à 'float'
c:\workspace\h_cl-ment_gp2\mt_case\app\entity.cpp(71): warning C4305: '=' : troncation de 'double' à 'float'
c:\workspace\h_cl-ment_gp2\mt_case\app\entity.cpp(85): warning C4305: '=' : troncation de 'double' à 'float'
c:\workspace\h_cl-ment_gp2\mt_case\app\entity.cpp(103): warning C4244: 'initialisation' : conversion de 'double' en 'float', perte possible de données
c:\workspace\h_cl-ment_gp2\mt_case\app\entity.cpp(161): warning C4065: l'instruction switch contient 'default' mais aucune étiquette 'case'
c:\workspace\h_cl-ment_gp2\mt_case\app\entity.cpp(167): warning C4065: l'instruction switch contient 'default' mais aucune étiquette 'case'
c:\workspace\h_cl-ment_gp2\mt_case\app\entity.cpp(204): warning C4244: '+=' : conversion de 'double' en 'float', perte possible de données
c:\workspace\h_cl-ment_gp2\mt_case\app\entity.cpp(205): warning C4244: '=' : conversion de 'double' en 'float', perte possible de données
c:\workspace\h_cl-ment_gp2\mt_case\app\entity.cpp(209): warning C4244: '-=' : conversion de 'double' en 'float', perte possible de données
c:\workspace\h_cl-ment_gp2\mt_case\app\entity.cpp(210): warning C4244: '=' : conversion de 'double' en 'float', perte possible de données
c:\workspace\h_cl-ment_gp2\mt_case\app\entity.cpp(215): warning C4244: '-=' : conversion de 'double' en 'float', perte possible de données
c:\workspace\h_cl-ment_gp2\mt_case\app\entity.cpp(216): warning C4244: '=' : conversion de 'double' en 'float', perte possible de données
c:\workspace\h_cl-ment_gp2\mt_case\app\entity.cpp(219): warning C4244: '+=' : conversion de 'double' en 'float', perte possible de données
c:\workspace\h_cl-ment_gp2\mt_case\app\entity.cpp(220): warning C4244: '=' : conversion de 'double' en 'float', perte possible de données
c:\workspace\h_cl-ment_gp2\mt_case\app\entity.cpp(193): warning C4715: 'Entity::getStateName' : les chemins de contrôle ne retournent pas tous une valeur
  App.vcxproj -> C:\Workspace\H_cl-ment_GP2\mt_case\App\Debug\App.exe
