  App.cpp
c:\workspace\h_cl-ment_gp2\cours4\app\app.cpp(31): warning C4244: 'return' : conversion de 'double' en 'float', perte possible de données
c:\workspace\h_cl-ment_gp2\cours4\app\app.cpp(56): warning C4244: 'argument' : conversion de 'float' en 'sf::Uint8', perte possible de données
c:\workspace\h_cl-ment_gp2\cours4\app\app.cpp(57): warning C4244: 'argument' : conversion de 'float' en 'sf::Uint8', perte possible de données
c:\workspace\h_cl-ment_gp2\cours4\app\app.cpp(58): warning C4244: 'argument' : conversion de 'float' en 'sf::Uint8', perte possible de données
c:\workspace\h_cl-ment_gp2\cours4\app\app.cpp(59): warning C4244: 'argument' : conversion de 'float' en 'sf::Uint8', perte possible de données
c:\workspace\h_cl-ment_gp2\cours4\app\app.cpp(60): warning C4244: 'argument' : conversion de 'float' en 'sf::Uint8', perte possible de données
c:\workspace\h_cl-ment_gp2\cours4\app\app.cpp(61): warning C4244: 'argument' : conversion de 'float' en 'sf::Uint8', perte possible de données
c:\workspace\h_cl-ment_gp2\cours4\app\app.cpp(70): warning C4244: 'initialisation' : conversion de 'double' en 'float', perte possible de données
c:\workspace\h_cl-ment_gp2\cours4\app\app.cpp(111): warning C4305: 'argument' : troncation de 'double' à 'float'
c:\workspace\h_cl-ment_gp2\cours4\app\app.cpp(111): warning C4244: 'argument' : conversion de 'double' en 'int', perte possible de données
c:\workspace\h_cl-ment_gp2\cours4\app\app.cpp(113): warning C4244: 'argument' : conversion de 'double' en 'T', perte possible de données
          with
          [
              T=float
          ]
c:\workspace\h_cl-ment_gp2\cours4\app\app.cpp(124): warning C4244: 'initialisation' : conversion de 'double' en 'float', perte possible de données
c:\workspace\h_cl-ment_gp2\cours4\app\app.cpp(147): warning C4305: 'argument' : troncation de 'double' à 'float'
c:\workspace\h_cl-ment_gp2\cours4\app\app.cpp(147): warning C4244: 'argument' : conversion de 'double' en 'int', perte possible de données
c:\workspace\h_cl-ment_gp2\cours4\app\app.cpp(149): warning C4244: 'argument' : conversion de 'double' en 'float', perte possible de données
c:\workspace\h_cl-ment_gp2\cours4\app\app.cpp(153): warning C4244: 'argument' : conversion de 'double' en 'T', perte possible de données
          with
          [
              T=float
          ]
c:\workspace\h_cl-ment_gp2\cours4\app\app.cpp(180): warning C4244: 'argument' : conversion de 'int' en 'T', perte possible de données
          with
          [
              T=float
          ]
c:\workspace\h_cl-ment_gp2\cours4\app\app.cpp(182): warning C4244: 'argument' : conversion de 'int' en 'float', perte possible de données
c:\workspace\h_cl-ment_gp2\cours4\app\app.cpp(186): warning C4244: 'argument' : conversion de 'double' en 'T', perte possible de données
          with
          [
              T=float
          ]
c:\workspace\h_cl-ment_gp2\cours4\app\app.cpp(197): warning C4244: 'initialisation' : conversion de 'double' en 'float', perte possible de données
sfml-graphics-d.lib(sfml-graphics-d-2.dll) : fatal error LNK1112: type d'ordinateur module 'x86' en conflit avec le type d'ordinateur cible 'x64'
