  app 8nov.cpp
c:\workspace\h_cl-ment_gp2\tp1 15nov(copie du 8nov)\app 8nov\app 8nov\app 8nov.cpp(43): warning C4244: 'argument' : conversion de 'float' en 'sf::Uint8', perte possible de données
c:\workspace\h_cl-ment_gp2\tp1 15nov(copie du 8nov)\app 8nov\app 8nov\app 8nov.cpp(44): warning C4244: 'argument' : conversion de 'float' en 'sf::Uint8', perte possible de données
c:\workspace\h_cl-ment_gp2\tp1 15nov(copie du 8nov)\app 8nov\app 8nov\app 8nov.cpp(45): warning C4244: 'argument' : conversion de 'float' en 'sf::Uint8', perte possible de données
c:\workspace\h_cl-ment_gp2\tp1 15nov(copie du 8nov)\app 8nov\app 8nov\app 8nov.cpp(46): warning C4244: 'argument' : conversion de 'float' en 'sf::Uint8', perte possible de données
c:\workspace\h_cl-ment_gp2\tp1 15nov(copie du 8nov)\app 8nov\app 8nov\app 8nov.cpp(47): warning C4244: 'argument' : conversion de 'float' en 'sf::Uint8', perte possible de données
c:\workspace\h_cl-ment_gp2\tp1 15nov(copie du 8nov)\app 8nov\app 8nov\app 8nov.cpp(48): warning C4244: 'argument' : conversion de 'float' en 'sf::Uint8', perte possible de données
c:\workspace\h_cl-ment_gp2\tp1 15nov(copie du 8nov)\app 8nov\app 8nov\app 8nov.cpp(87): warning C4244: 'argument' : conversion de 'T' en 'T', perte possible de données
          with
          [
              T=unsigned int
          ]
          and
          [
              T=float
          ]
c:\workspace\h_cl-ment_gp2\tp1 15nov(copie du 8nov)\app 8nov\app 8nov\app 8nov.cpp(93): warning C4018: '<' : incompatibilité signed/unsigned
c:\workspace\h_cl-ment_gp2\tp1 15nov(copie du 8nov)\app 8nov\app 8nov\app 8nov.cpp(128): warning C4018: '<' : incompatibilité signed/unsigned
c:\workspace\h_cl-ment_gp2\tp1 15nov(copie du 8nov)\app 8nov\app 8nov\app 8nov.cpp(559): warning C4244: 'argument' : conversion de 'T' en 'T', perte possible de données
          with
          [
              T=unsigned int
          ]
          and
          [
              T=float
          ]
c:\workspace\h_cl-ment_gp2\tp1 15nov(copie du 8nov)\app 8nov\app 8nov\app 8nov.cpp(560): warning C4244: 'argument' : conversion de 'T' en 'T', perte possible de données
          with
          [
              T=unsigned int
          ]
          and
          [
              T=float
          ]
c:\workspace\h_cl-ment_gp2\tp1 15nov(copie du 8nov)\app 8nov\app 8nov\app 8nov.cpp(561): warning C4244: 'argument' : conversion de 'int' en 'T', perte possible de données
          with
          [
              T=float
          ]
c:\workspace\h_cl-ment_gp2\tp1 15nov(copie du 8nov)\app 8nov\app 8nov\app 8nov.cpp(562): warning C4244: 'argument' : conversion de 'T' en 'T', perte possible de données
          with
          [
              T=unsigned int
          ]
          and
          [
              T=float
          ]
c:\workspace\h_cl-ment_gp2\tp1 15nov(copie du 8nov)\app 8nov\app 8nov\app 8nov.cpp(562): warning C4244: 'argument' : conversion de 'int' en 'T', perte possible de données
          with
          [
              T=float
          ]
c:\workspace\h_cl-ment_gp2\tp1 15nov(copie du 8nov)\app 8nov\app 8nov\app 8nov.cpp(714): warning C4551: liste d'arguments manquante dans l'appel de fonction
c:\workspace\h_cl-ment_gp2\tp1 15nov(copie du 8nov)\app 8nov\app 8nov\app 8nov.cpp(721): warning C4244: 'initialisation' : conversion de 'double' en 'float', perte possible de données
c:\workspace\h_cl-ment_gp2\tp1 15nov(copie du 8nov)\app 8nov\app 8nov\app 8nov.cpp(744): warning C4551: liste d'arguments manquante dans l'appel de fonction
c:\workspace\h_cl-ment_gp2\tp1 15nov(copie du 8nov)\app 8nov\app 8nov\app 8nov.cpp(750): warning C4244: 'initialisation' : conversion de 'double' en 'float', perte possible de données
  app 8nov.vcxproj -> C:\Workspace\H_cl-ment_GP2\TP1 15nov(copie du 8nov)\app 8nov\Debug\app 8nov.exe
